[INFO] [1778734445.365800865] [auto_node]: Auto node ready
[INFO] [1778734519.336469448] [auto_node]: State: IDLE → SEARCH_BALL
[INFO] [1778734519.352960323] [auto_node]: Vision mode → ball
[INFO] [1778734519.387792651] [auto_node]: State: SEARCH_BALL → APPROACH_BALL
[INFO] [1778734519.413440901] [auto_node]: Vision mode → ball
[INFO] [1778734531.188103536] [auto_node]: State: APPROACH_BALL → SEARCH_BALL
[INFO] [1778734531.214290444] [auto_node]: Vision mode → ball
[INFO] [1778734717.386410183] [auto_node]: State: SEARCH_BALL → APPROACH_BALL
[INFO] [1778734717.401309070] [auto_node]: Vision mode → ball
Traceback (most recent call last):
  File "/home/spider/spider/core/install/spider_core/lib/spider_core/auto_node", line 33, in <module>
    sys.exit(load_entry_point('spider-core', 'console_scripts', 'auto_node')())
  File "/home/spider/spider/core/build/spider_core/spider_core/auto_node.py", line 324, in main
    rclpy.shutdown()
  File "/opt/ros/humble/local/lib/python3.10/dist-packages/rclpy/__init__.py", line 130, in shutdown
    _shutdown(context=context)
  File "/opt/ros/humble/local/lib/python3.10/dist-packages/rclpy/utilities.py", line 58, in shutdown
    return context.shutdown()
  File "/opt/ros/humble/local/lib/python3.10/dist-packages/rclpy/context.py", line 102, in shutdown
    self.__context.shutdown()
rclpy._rclpy_pybind11.RCLError: failed to shutdown: rcl_shutdown already called on the given context, at ./src/rcl/init.c:241
