[INFO] [1778734444.952984088] [bridge_node]: Bridge node ready
[INFO] [1778734445.791976405] [bridge_node]: auto_node: healthy
[INFO] [1778734445.805102913] [bridge_node]: motor_node: healthy
[INFO] [1778734447.781035368] [bridge_node]: camera: healthy
[INFO] [1778734447.789131021] [bridge_node]: stream_node: healthy
[INFO] [1778734448.782135790] [bridge_node]: vision_node: healthy
Traceback (most recent call last):
  File "/home/spider/spider/core/build/spider_core/spider_core/bridge_node.py", line 203, in main
    rclpy.spin(node)
  File "/opt/ros/humble/local/lib/python3.10/dist-packages/rclpy/__init__.py", line 229, in spin
    executor.spin_once()
  File "/opt/ros/humble/local/lib/python3.10/dist-packages/rclpy/executors.py", line 776, in spin_once
    self._spin_once_impl(timeout_sec)
  File "/opt/ros/humble/local/lib/python3.10/dist-packages/rclpy/executors.py", line 765, in _spin_once_impl
    handler, entity, node = self.wait_for_ready_callbacks(timeout_sec=timeout_sec)
  File "/opt/ros/humble/local/lib/python3.10/dist-packages/rclpy/executors.py", line 748, in wait_for_ready_callbacks
    return next(self._cb_iter)
  File "/opt/ros/humble/local/lib/python3.10/dist-packages/rclpy/executors.py", line 621, in _wait_for_ready_callbacks
    wait_set = _rclpy.WaitSet(
rclpy._rclpy_pybind11.RCLError: failed to initialize wait set: the given context is not valid, either rcl_init() was not called or rcl_shutdown() was called., at ./src/rcl/wait.c:130

During handling of the above exception, another exception occurred:

Traceback (most recent call last):
  File "/home/spider/spider/core/install/spider_core/lib/spider_core/bridge_node", line 33, in <module>
    sys.exit(load_entry_point('spider-core', 'console_scripts', 'bridge_node')())
  File "/home/spider/spider/core/build/spider_core/spider_core/bridge_node.py", line 208, in main
    rclpy.shutdown()
  File "/opt/ros/humble/local/lib/python3.10/dist-packages/rclpy/__init__.py", line 130, in shutdown
    _shutdown(context=context)
  File "/opt/ros/humble/local/lib/python3.10/dist-packages/rclpy/utilities.py", line 58, in shutdown
    return context.shutdown()
  File "/opt/ros/humble/local/lib/python3.10/dist-packages/rclpy/context.py", line 102, in shutdown
    self.__context.shutdown()
rclpy._rclpy_pybind11.RCLError: failed to shutdown: rcl_shutdown already called on the given context, at ./src/rcl/init.c:241
